module_app/build/outputs/logs/manifest-merger-debug-report.txt
-- Merging decision tree log ---
manifest
ADDED from src\main\AndroidManifest.xml:2:1-17:12
INJECTED from src\main\AndroidManifest.xml:2:1-17:12
INJECTED from src\main\AndroidManifest.xml:2:1-17:12
INJECTED from src\main\AndroidManifest.xml:2:1-17:12
MERGED from [:module_main] AndroidManifest.xml:2:1-29:12
MERGED from [:module_find] AndroidManifest.xml:2:1-20:12
MERGED from [:module_me] AndroidManifest.xml:2:1-33:12
MERGED from [:module_news] AndroidManifest.xml:2:1-45:12
MERGED from [:lib_common] AndroidManifest.xml:2:1-13:12
MERGED from [com.android.databinding:adapters:3.2.1] AndroidManifest.xml:17:1-24:12
MERGED from [com.android.databinding:library:3.2.1] AndroidManifest.xml:17:1-24:12
MERGED from [android.arch.lifecycle:extensions:1.1.1] AndroidManifest.xml:17:1-30:12
MERGED from [com.android.support:design:28.0.0] AndroidManifest.xml:17:1-24:12
MERGED from [com.alibaba:arouter-api:1.4.1] AndroidManifest.xml:2:1-10:12
MERGED from [com.android.support:support-v4:28.0.0] AndroidManifest.xml:17:1-22:12
MERGED from [:lib_refresh_layout] AndroidManifest.xml:2:1-11:12
MERGED from [:lib_fly_api] AndroidManifest.xml:2:1-11:12
MERGED from [com.github.lovetuzitong:MultiImageSelector:1.2] AndroidManifest.xml:2:1-20:12
MERGED from [com.android.support:appcompat-v7:28.0.0] AndroidManifest.xml:17:1-22:12
MERGED from [com.android.support:recyclerview-v7:28.0.0] AndroidManifest.xml:17:1-22:12
MERGED from [com.android.support:support-fragment:28.0.0] AndroidManifest.xml:17:1-22:12
MERGED from [com.android.support:animated-vector-drawable:28.0.0] AndroidManifest.xml:17:1-22:12
MERGED from [com.android.support:support-core-ui:28.0.0] AndroidManifest.xml:17:1-22:12
MERGED from [com.android.support:support-core-utils:28.0.0] AndroidManifest.xml:17:1-22:12
MERGED from [com.android.support:transition:28.0.0] AndroidManifest.xml:17:1-22:12
MERGED from [com.android.support:support-media-compat:28.0.0] AndroidManifest.xml:17:1-22:12
MERGED from [com.android.support:support-vector-drawable:28.0.0] AndroidManifest.xml:17:1-22:12
MERGED from [com.android.support:loader:28.0.0] AndroidManifest.xml:17:1-22:12
MERGED from [com.android.support:viewpager:28.0.0] AndroidManifest.xml:17:1-22:12
MERGED from [com.android.support:coordinatorlayout:28.0.0] AndroidManifest.xml:17:1-22:12
MERGED from [com.android.support:drawerlayout:28.0.0] AndroidManifest.xml:17:1-22:12
MERGED from [com.android.support:slidingpanelayout:28.0.0] AndroidManifest.xml:17:1-22:12
MERGED from [com.android.support:customview:28.0.0] AndroidManifest.xml:17:1-22:12
MERGED from [com.android.support:swiperefreshlayout:28.0.0] AndroidManifest.xml:17:1-22:12
MERGED from [com.android.support:asynclayoutinflater:28.0.0] AndroidManifest.xml:17:1-22:12
MERGED from [com.android.support:support-compat:28.0.0] AndroidManifest.xml:17:1-24:12
MERGED from [android.arch.lifecycle:runtime:1.1.1] AndroidManifest.xml:17:1-22:12
MERGED from [com.jakewharton.rxbinding2:rxbinding:2.1.1] AndroidManifest.xml:2:1-8:12
MERGED from [com.trello.rxlifecycle2:rxlifecycle-components:2.2.2] AndroidManifest.xml:13:1-18:12
MERGED from [com.trello.rxlifecycle2:rxlifecycle-android:2.2.2] AndroidManifest.xml:13:1-18:12
MERGED from [io.reactivex.rxjava2:rxandroid:2.1.0] AndroidManifest.xml:15:1-20:12
MERGED from [com.github.tbruyelle:rxpermissions:0.10.2] AndroidManifest.xml:2:1-11:12
MERGED from [com.github.bumptech.glide:glide:4.8.0] AndroidManifest.xml:2:1-12:12
MERGED from [android.arch.lifecycle:livedata:1.1.1] AndroidManifest.xml:17:1-22:12
MERGED from [android.arch.lifecycle:livedata-core:1.1.1] AndroidManifest.xml:17:1-22:12
MERGED from [android.arch.core:runtime:1.1.1] AndroidManifest.xml:17:1-22:12
MERGED from [com.android.support:cardview-v7:28.0.0] AndroidManifest.xml:17:1-22:12
MERGED from [com.android.support:versionedparcelable:28.0.0] AndroidManifest.xml:17:1-25:12
MERGED from [com.android.support:cursoradapter:28.0.0] AndroidManifest.xml:17:1-22:12
MERGED from [android.arch.lifecycle:viewmodel:1.1.1] AndroidManifest.xml:17:1-22:12
MERGED from [com.android.support:documentfile:28.0.0] AndroidManifest.xml:17:1-22:12
MERGED from [com.android.support:localbroadcastmanager:28.0.0] AndroidManifest.xml:17:1-22:12
MERGED from [com.android.support:print:28.0.0] AndroidManifest.xml:17:1-22:12
MERGED from [com.android.support:interpolator:28.0.0] AndroidManifest.xml:17:1-22:12
MERGED from [com.github.bumptech.glide:gifdecoder:4.8.0] AndroidManifest.xml:2:1-11:12
INJECTED from src\main\AndroidManifest.xml:2:1-17:12
INJECTED from src\main\AndroidManifest.xml:2:1-17:12
INJECTED from src\main\AndroidManifest.xml:2:1-17:12
	package
		ADDED from src\main\AndroidManifest.xml:3:11-33
		INJECTED from src\main\AndroidManifest.xml
		INJECTED from src\main\AndroidManifest.xml
	android:versionName
		INJECTED from src\main\AndroidManifest.xml
		ADDED from src\main\AndroidManifest.xml:2:1-17:12
		INJECTED from src\main\AndroidManifest.xml
	android:versionCode
		INJECTED from src\main\AndroidManifest.xml
		ADDED from src\main\AndroidManifest.xml:2:1-17:12
		INJECTED from src\main\AndroidManifest.xml
	xmlns:android
		ADDED from src\main\AndroidManifest.xml:2:11-69
application
ADDED from src\main\AndroidManifest.xml:5:5-15:19
MERGED from [:module_main] AndroidManifest.xml:11:5-27:19
MERGED from [:module_main] AndroidManifest.xml:11:5-27:19
MERGED from [:module_find] AndroidManifest.xml:11:5-18:19
MERGED from [:module_find] AndroidManifest.xml:11:5-18:19
MERGED from [:module_me] AndroidManifest.xml:11:5-31:19
MERGED from [:module_me] AndroidManifest.xml:11:5-31:19
MERGED from [:module_news] AndroidManifest.xml:31:5-43:19
MERGED from [:module_news] AndroidManifest.xml:31:5-43:19
MERGED from [android.arch.lifecycle:extensions:1.1.1] AndroidManifest.xml:22:5-28:19
MERGED from [android.arch.lifecycle:extensions:1.1.1] AndroidManifest.xml:22:5-28:19
MERGED from [com.android.support:design:28.0.0] AndroidManifest.xml:22:5-20
MERGED from [com.android.support:design:28.0.0] AndroidManifest.xml:22:5-20
MERGED from [com.github.lovetuzitong:MultiImageSelector:1.2] AndroidManifest.xml:14:5-18:19
MERGED from [com.github.lovetuzitong:MultiImageSelector:1.2] AndroidManifest.xml:14:5-18:19
MERGED from [com.android.support:support-compat:28.0.0] AndroidManifest.xml:22:5-94
MERGED from [com.android.support:support-compat:28.0.0] AndroidManifest.xml:22:5-94
MERGED from [com.github.tbruyelle:rxpermissions:0.10.2] AndroidManifest.xml:9:5-20
MERGED from [com.github.tbruyelle:rxpermissions:0.10.2] AndroidManifest.xml:9:5-20
MERGED from [com.github.bumptech.glide:glide:4.8.0] AndroidManifest.xml:10:5-20
MERGED from [com.github.bumptech.glide:glide:4.8.0] AndroidManifest.xml:10:5-20
MERGED from [com.android.support:versionedparcelable:28.0.0] AndroidManifest.xml:22:5-23:19
MERGED from [com.android.support:versionedparcelable:28.0.0] AndroidManifest.xml:22:5-23:19
MERGED from [com.github.bumptech.glide:gifdecoder:4.8.0] AndroidManifest.xml:9:5-20
MERGED from [com.github.bumptech.glide:gifdecoder:4.8.0] AndroidManifest.xml:9:5-20
	android:appComponentFactory
		ADDED from [com.android.support:support-compat:28.0.0] AndroidManifest.xml:22:18-91
	android:supportsRtl
		ADDED from src\main\AndroidManifest.xml:10:9-35
	android:label
		ADDED from src\main\AndroidManifest.xml:8:9-41
	android:roundIcon
		ADDED from src\main\AndroidManifest.xml:9:9-54
	android:icon
		ADDED from src\main\AndroidManifest.xml:7:9-43
	android:allowBackup
		ADDED from src\main\AndroidManifest.xml:6:9-35
	android:theme
		ADDED from src\main\AndroidManifest.xml:11:9-40
	android:usesCleartextTraffic
		ADDED from src\main\AndroidManifest.xml:13:9-44
	android:name
		ADDED from src\main\AndroidManifest.xml:12:9-38
uses-sdk
INJECTED from src\main\AndroidManifest.xml reason: use-sdk injection requested
INJECTED from src\main\AndroidManifest.xml
INJECTED from src\main\AndroidManifest.xml
MERGED from [:module_main] AndroidManifest.xml:7:5-9:41
MERGED from [:module_main] AndroidManifest.xml:7:5-9:41
MERGED from [:module_find] AndroidManifest.xml:7:5-9:41
MERGED from [:module_find] AndroidManifest.xml:7:5-9:41
MERGED from [:module_me] AndroidManifest.xml:7:5-9:41
MERGED from [:module_me] AndroidManifest.xml:7:5-9:41
MERGED from [:module_news] AndroidManifest.xml:7:5-9:41
MERGED from [:module_news] AndroidManifest.xml:7:5-9:41
MERGED from [:lib_common] AndroidManifest.xml:7:5-9:41
MERGED from [:lib_common] AndroidManifest.xml:7:5-9:41
MERGED from [com.android.databinding:adapters:3.2.1] AndroidManifest.xml:22:5-44
MERGED from [com.android.databinding:adapters:3.2.1] AndroidManifest.xml:22:5-44
MERGED from [com.android.databinding:library:3.2.1] AndroidManifest.xml:22:5-44
MERGED from [com.android.databinding:library:3.2.1] AndroidManifest.xml:22:5-44
MERGED from [android.arch.lifecycle:extensions:1.1.1] AndroidManifest.xml:20:5-44
MERGED from [android.arch.lifecycle:extensions:1.1.1] AndroidManifest.xml:20:5-44
MERGED from [com.android.support:design:28.0.0] AndroidManifest.xml:20:5-44
MERGED from [com.android.support:design:28.0.0] AndroidManifest.xml:20:5-44
MERGED from [com.alibaba:arouter-api:1.4.1] AndroidManifest.xml:6:5-8:41
MERGED from [com.alibaba:arouter-api:1.4.1] AndroidManifest.xml:6:5-8:41
MERGED from [com.android.support:support-v4:28.0.0] AndroidManifest.xml:20:5-44
MERGED from [com.android.support:support-v4:28.0.0] AndroidManifest.xml:20:5-44
MERGED from [:lib_refresh_layout] AndroidManifest.xml:7:5-9:41
MERGED from [:lib_refresh_layout] AndroidManifest.xml:7:5-9:41
MERGED from [:lib_fly_api] AndroidManifest.xml:7:5-9:41
MERGED from [:lib_fly_api] AndroidManifest.xml:7:5-9:41
MERGED from [com.github.lovetuzitong:MultiImageSelector:1.2] AndroidManifest.xml:7:5-9:41
MERGED from [com.github.lovetuzitong:MultiImageSelector:1.2] AndroidManifest.xml:7:5-9:41
MERGED from [com.android.support:appcompat-v7:28.0.0] AndroidManifest.xml:20:5-44
MERGED from [com.android.support:appcompat-v7:28.0.0] AndroidManifest.xml:20:5-44
MERGED from [com.android.support:recyclerview-v7:28.0.0] AndroidManifest.xml:20:5-44
MERGED from [com.android.support:recyclerview-v7:28.0.0] AndroidManifest.xml:20:5-44
MERGED from [com.android.support:support-fragment:28.0.0] AndroidManifest.xml:20:5-44
MERGED from [com.android.support:support-fragment:28.0.0] AndroidManifest.xml:20:5-44
MERGED from [com.android.support:animated-vector-drawable:28.0.0] AndroidManifest.xml:20:5-44
MERGED from [com.android.support:animated-vector-drawable:28.0.0] AndroidManifest.xml:20:5-44
MERGED from [com.android.support:support-core-ui:28.0.0] AndroidManifest.xml:20:5-44
MERGED from [com.android.support:support-core-ui:28.0.0] AndroidManifest.xml:20:5-44
MERGED from [com.android.support:support-core-utils:28.0.0] AndroidManifest.xml:20:5-44
MERGED from [com.android.support:support-core-utils:28.0.0] AndroidManifest.xml:20:5-44
MERGED from [com.android.support:transition:28.0.0] AndroidManifest.xml:20:5-44
MERGED from [com.android.support:transition:28.0.0] AndroidManifest.xml:20:5-44
MERGED from [com.android.support:support-media-compat:28.0.0] AndroidManifest.xml:20:5-44
MERGED from [com.android.support:support-media-compat:28.0.0] AndroidManifest.xml:20:5-44
MERGED from [com.android.support:support-vector-drawable:28.0.0] AndroidManifest.xml:20:5-44
MERGED from [com.android.support:support-vector-drawable:28.0.0] AndroidManifest.xml:20:5-44
MERGED from [com.android.support:loader:28.0.0] AndroidManifest.xml:20:5-44
MERGED from [com.android.support:loader:28.0.0] AndroidManifest.xml:20:5-44
MERGED from [com.android.support:viewpager:28.0.0] AndroidManifest.xml:20:5-44
MERGED from [com.android.support:viewpager:28.0.0] AndroidManifest.xml:20:5-44
MERGED from [com.android.support:coordinatorlayout:28.0.0] AndroidManifest.xml:20:5-44
MERGED from [com.android.support:coordinatorlayout:28.0.0] AndroidManifest.xml:20:5-44
MERGED from [com.android.support:drawerlayout:28.0.0] AndroidManifest.xml:20:5-44
MERGED from [com.android.support:drawerlayout:28.0.0] AndroidManifest.xml:20:5-44
MERGED from [com.android.support:slidingpanelayout:28.0.0] AndroidManifest.xml:20:5-44
MERGED from [com.android.support:slidingpanelayout:28.0.0] AndroidManifest.xml:20:5-44
MERGED from [com.android.support:customview:28.0.0] AndroidManifest.xml:20:5-44
MERGED from [com.android.support:customview:28.0.0] AndroidManifest.xml:20:5-44
MERGED from [com.android.support:swiperefreshlayout:28.0.0] AndroidManifest.xml:20:5-44
MERGED from [com.android.support:swiperefreshlayout:28.0.0] AndroidManifest.xml:20:5-44
MERGED from [com.android.support:asynclayoutinflater:28.0.0] AndroidManifest.xml:20:5-44
MERGED from [com.android.support:asynclayoutinflater:28.0.0] AndroidManifest.xml:20:5-44
MERGED from [com.android.support:support-compat:28.0.0] AndroidManifest.xml:20:5-44
MERGED from [com.android.support:support-compat:28.0.0] AndroidManifest.xml:20:5-44
MERGED from [android.arch.lifecycle:runtime:1.1.1] AndroidManifest.xml:20:5-44
MERGED from [android.arch.lifecycle:runtime:1.1.1] AndroidManifest.xml:20:5-44
MERGED from [com.jakewharton.rxbinding2:rxbinding:2.1.1] AndroidManifest.xml:6:5-44
MERGED from [com.jakewharton.rxbinding2:rxbinding:2.1.1] AndroidManifest.xml:6:5-44
MERGED from [com.trello.rxlifecycle2:rxlifecycle-components:2.2.2] AndroidManifest.xml:16:5-44
MERGED from [com.trello.rxlifecycle2:rxlifecycle-components:2.2.2] AndroidManifest.xml:16:5-44
MERGED from [com.trello.rxlifecycle2:rxlifecycle-android:2.2.2] AndroidManifest.xml:16:5-44
MERGED from [com.trello.rxlifecycle2:rxlifecycle-android:2.2.2] AndroidManifest.xml:16:5-44
MERGED from [io.reactivex.rxjava2:rxandroid:2.1.0] AndroidManifest.xml:18:5-43
MERGED from [io.reactivex.rxjava2:rxandroid:2.1.0] AndroidManifest.xml:18:5-43
MERGED from [com.github.tbruyelle:rxpermissions:0.10.2] AndroidManifest.xml:5:5-7:41
MERGED from [com.github.tbruyelle:rxpermissions:0.10.2] AndroidManifest.xml:5:5-7:41
MERGED from [com.github.bumptech.glide:glide:4.8.0] AndroidManifest.xml:6:5-8:41
MERGED from [com.github.bumptech.glide:glide:4.8.0] AndroidManifest.xml:6:5-8:41
MERGED from [android.arch.lifecycle:livedata:1.1.1] AndroidManifest.xml:20:5-44
MERGED from [android.arch.lifecycle:livedata:1.1.1] AndroidManifest.xml:20:5-44
MERGED from [android.arch.lifecycle:livedata-core:1.1.1] AndroidManifest.xml:20:5-44
MERGED from [android.arch.lifecycle:livedata-core:1.1.1] AndroidManifest.xml:20:5-44
MERGED from [android.arch.core:runtime:1.1.1] AndroidManifest.xml:20:5-44
MERGED from [android.arch.core:runtime:1.1.1] AndroidManifest.xml:20:5-44
MERGED from [com.android.support:cardview-v7:28.0.0] AndroidManifest.xml:20:5-44
MERGED from [com.android.support:cardview-v7:28.0.0] AndroidManifest.xml:20:5-44
MERGED from [com.android.support:versionedparcelable:28.0.0] AndroidManifest.xml:20:5-44
MERGED from [com.android.support:versionedparcelable:28.0.0] AndroidManifest.xml:20:5-44
MERGED from [com.android.support:cursoradapter:28.0.0] AndroidManifest.xml:20:5-44
MERGED from [com.android.support:cursoradapter:28.0.0] AndroidManifest.xml:20:5-44
MERGED from [android.arch.lifecycle:viewmodel:1.1.1] AndroidManifest.xml:20:5-44
MERGED from [android.arch.lifecycle:viewmodel:1.1.1] AndroidManifest.xml:20:5-44
MERGED from [com.android.support:documentfile:28.0.0] AndroidManifest.xml:20:5-44
MERGED from [com.android.support:documentfile:28.0.0] AndroidManifest.xml:20:5-44
MERGED from [com.android.support:localbroadcastmanager:28.0.0] AndroidManifest.xml:20:5-44
MERGED from [com.android.support:localbroadcastmanager:28.0.0] AndroidManifest.xml:20:5-44
MERGED from [com.android.support:print:28.0.0] AndroidManifest.xml:20:5-44
MERGED from [com.android.support:print:28.0.0] AndroidManifest.xml:20:5-44
MERGED from [com.android.support:interpolator:28.0.0] AndroidManifest.xml:20:5-44
MERGED from [com.android.support:interpolator:28.0.0] AndroidManifest.xml:20:5-44
MERGED from [com.github.bumptech.glide:gifdecoder:4.8.0] AndroidManifest.xml:5:5-7:41
MERGED from [com.github.bumptech.glide:gifdecoder:4.8.0] AndroidManifest.xml:5:5-7:41
INJECTED from src\main\AndroidManifest.xml
INJECTED from src\main\AndroidManifest.xml
	android:targetSdkVersion
		INJECTED from src\main\AndroidManifest.xml
		ADDED from src\main\AndroidManifest.xml
		INJECTED from src\main\AndroidManifest.xml
	android:minSdkVersion
		INJECTED from src\main\AndroidManifest.xml
		ADDED from src\main\AndroidManifest.xml
		INJECTED from src\main\AndroidManifest.xml
activity#com.fly.tour.main.MainActivity
ADDED from [:module_main] AndroidManifest.xml:18:9-19:20
	android:name
		ADDED from [:module_main] AndroidManifest.xml:18:19-64
activity#com.fly.tour.main.SplashActivity
ADDED from [:module_main] AndroidManifest.xml:20:9-26:20
	android:name
		ADDED from [:module_main] AndroidManifest.xml:20:19-66
intent-filter#action:name:android.intent.action.MAIN+category:name:android.intent.category.LAUNCHER
ADDED from [:module_main] AndroidManifest.xml:21:13-25:29
action#android.intent.action.MAIN
ADDED from [:module_main] AndroidManifest.xml:22:17-69
	android:name
		ADDED from [:module_main] AndroidManifest.xml:22:25-66
category#android.intent.category.LAUNCHER
ADDED from [:module_main] AndroidManifest.xml:24:17-77
	android:name
		ADDED from [:module_main] AndroidManifest.xml:24:27-74
activity#com.fly.tour.me.NewsTypeAddActivity
ADDED from [:module_me] AndroidManifest.xml:18:9-21:55
	android:label
		ADDED from [:module_me] AndroidManifest.xml:20:13-35
	android:theme
		ADDED from [:module_me] AndroidManifest.xml:21:13-52
	android:name
		ADDED from [:module_me] AndroidManifest.xml:19:13-63
activity#com.fly.tour.me.NewsTypeListActivity
ADDED from [:module_me] AndroidManifest.xml:22:9-25:55
	android:label
		ADDED from [:module_me] AndroidManifest.xml:24:13-35
	android:theme
		ADDED from [:module_me] AndroidManifest.xml:25:13-52
	android:name
		ADDED from [:module_me] AndroidManifest.xml:23:13-64
activity#com.fly.tour.me.NewsDetailAddActivity
ADDED from [:module_me] AndroidManifest.xml:26:9-30:20
	android:label
		ADDED from [:module_me] AndroidManifest.xml:28:13-33
	android:theme
		ADDED from [:module_me] AndroidManifest.xml:29:13-52
	android:name
		ADDED from [:module_me] AndroidManifest.xml:27:13-65
uses-permission#android.permission.INTERNET
ADDED from [:module_news] AndroidManifest.xml:11:5-67
	android:name
		ADDED from [:module_news] AndroidManifest.xml:11:22-64
uses-permission#android.permission.ACCESS_WIFI_STATE
ADDED from [:module_news] AndroidManifest.xml:12:5-76
	android:name
		ADDED from [:module_news] AndroidManifest.xml:12:22-73
uses-permission#android.permission.CHANGE_WIFI_STATE
ADDED from [:module_news] AndroidManifest.xml:13:5-76
	android:name
		ADDED from [:module_news] AndroidManifest.xml:13:22-73
uses-permission#android.permission.ACCESS_NETWORK_STATE
ADDED from [:module_news] AndroidManifest.xml:14:5-79
MERGED from [:lib_common] AndroidManifest.xml:11:5-79
MERGED from [:lib_common] AndroidManifest.xml:11:5-79
	android:name
		ADDED from [:module_news] AndroidManifest.xml:14:22-76
uses-permission#android.permission.READ_EXTERNAL_STORAGE
ADDED from [:module_news] AndroidManifest.xml:15:5-80
MERGED from [com.github.lovetuzitong:MultiImageSelector:1.2] AndroidManifest.xml:11:5-80
MERGED from [com.github.lovetuzitong:MultiImageSelector:1.2] AndroidManifest.xml:11:5-80
	android:name
		ADDED from [:module_news] AndroidManifest.xml:15:22-77
uses-permission#android.permission.WRITE_EXTERNAL_STORAGE
ADDED from [:module_news] AndroidManifest.xml:16:5-81
MERGED from [com.github.lovetuzitong:MultiImageSelector:1.2] AndroidManifest.xml:12:5-81
MERGED from [com.github.lovetuzitong:MultiImageSelector:1.2] AndroidManifest.xml:12:5-81
	android:name
		ADDED from [:module_news] AndroidManifest.xml:16:22-78
uses-permission#android.permission.ACCESS_COARSE_LOCATION
ADDED from [:module_news] AndroidManifest.xml:17:5-81
	android:name
		ADDED from [:module_news] AndroidManifest.xml:17:22-78
uses-permission#android.permission.ACCESS_FINE_LOCATION
ADDED from [:module_news] AndroidManifest.xml:18:5-79
	android:name
		ADDED from [:module_news] AndroidManifest.xml:18:22-76
uses-permission#android.permission.READ_PHONE_STATE
ADDED from [:module_news] AndroidManifest.xml:19:5-75
	android:name
		ADDED from [:module_news] AndroidManifest.xml:19:22-72
uses-permission#android.permission.WAKE_LOCK
ADDED from [:module_news] AndroidManifest.xml:20:5-68
	android:name
		ADDED from [:module_news] AndroidManifest.xml:20:22-65
uses-permission#android.permission.GET_ACCOUNTS
ADDED from [:module_news] AndroidManifest.xml:23:5-71
	android:name
		ADDED from [:module_news] AndroidManifest.xml:23:22-68
uses-permission#android.permission.READ_PROFILE
ADDED from [:module_news] AndroidManifest.xml:24:5-71
	android:name
		ADDED from [:module_news] AndroidManifest.xml:24:22-68
uses-permission#android.permission.READ_CONTACTS
ADDED from [:module_news] AndroidManifest.xml:25:5-72
	android:name
		ADDED from [:module_news] AndroidManifest.xml:25:22-69
uses-permission#android.permission.CAMERA
ADDED from [:module_news] AndroidManifest.xml:26:5-65
	android:name
		ADDED from [:module_news] AndroidManifest.xml:26:22-62
uses-feature#android.hardware.camera
ADDED from [:module_news] AndroidManifest.xml:28:5-60
	android:name
		ADDED from [:module_news] AndroidManifest.xml:28:19-57
uses-feature#android.hardware.camera.autofocus
ADDED from [:module_news] AndroidManifest.xml:29:5-70
	android:name
		ADDED from [:module_news] AndroidManifest.xml:29:19-67
activity#com.fly.tour.news.NewsDetailActivity
ADDED from [:module_news] AndroidManifest.xml:38:9-42:20
	android:label
		ADDED from [:module_news] AndroidManifest.xml:40:13-33
	android:theme
		ADDED from [:module_news] AndroidManifest.xml:41:13-52
	android:name
		ADDED from [:module_news] AndroidManifest.xml:39:13-64
provider#android.arch.lifecycle.ProcessLifecycleOwnerInitializer
ADDED from [android.arch.lifecycle:extensions:1.1.1] AndroidManifest.xml:23:9-27:43
	android:authorities
		ADDED from [android.arch.lifecycle:extensions:1.1.1] AndroidManifest.xml:25:13-68
	android:multiprocess
		ADDED from [android.arch.lifecycle:extensions:1.1.1] AndroidManifest.xml:27:13-40
	android:exported
		ADDED from [android.arch.lifecycle:extensions:1.1.1] AndroidManifest.xml:26:13-37
	android:name
		ADDED from [android.arch.lifecycle:extensions:1.1.1] AndroidManifest.xml:24:13-83
activity#me.nereo.multi_image_selector.MultiImageSelectorActivity
ADDED from [com.github.lovetuzitong:MultiImageSelector:1.2] AndroidManifest.xml:15:9-17:62
	android:configChanges
		ADDED from [com.github.lovetuzitong:MultiImageSelector:1.2] AndroidManifest.xml:17:13-59
	android:name
		ADDED from [com.github.lovetuzitong:MultiImageSelector:1.2] AndroidManifest.xml:16:13-84